2024-09-26 18:47:38,930:INFO:Data collected for AAPL
2024-09-26 18:47:38,931:INFO:Data processed for AAPL
2024-09-26 18:47:40,459:INFO:Data collected for MSFT
2024-09-26 18:47:40,461:INFO:Data processed for MSFT
2024-09-26 18:47:42,066:INFO:Data collected for GOOGL
2024-09-26 18:47:42,068:INFO:Data processed for GOOGL
2024-09-26 18:47:43,372:INFO:Data collected for AMZN
2024-09-26 18:47:43,373:INFO:Data processed for AMZN
2024-09-26 18:47:44,862:INFO:Data collected for ASML
2024-09-26 18:47:44,863:INFO:Data processed for ASML
2024-09-26 18:47:46,483:INFO:Data collected for TSLA
2024-09-26 18:47:46,484:INFO:Data processed for TSLA
2024-09-26 18:47:47,783:INFO:Data collected for NVDA
2024-09-26 18:47:47,784:INFO:Data processed for NVDA
2024-09-26 18:47:49,089:INFO:Data collected for ADBE
2024-09-26 18:47:49,091:INFO:Data processed for ADBE
2024-09-26 18:47:50,267:INFO:Data collected for BTC
2024-09-26 18:47:50,268:INFO:Data processed for BTC
2024-09-26 18:47:51,626:INFO:Data collected for NFLX
2024-09-26 18:47:51,632:INFO:Data processed for NFLX
2024-09-26 18:47:52,940:INFO:Data collected for PEP
2024-09-26 18:47:52,941:INFO:Data processed for PEP
2024-09-26 18:47:54,239:INFO:Data collected for KO
2024-09-26 18:47:54,241:INFO:Data processed for KO
2024-09-26 18:47:55,551:INFO:Data collected for V
2024-09-26 18:47:55,552:INFO:Data processed for V
2024-09-26 18:47:56,951:INFO:Data collected for MA
2024-09-26 18:47:56,953:INFO:Data processed for MA
2024-09-26 19:17:49,340:INFO:Data collected for AAPL
2024-09-26 19:17:49,342:INFO:Data processed for AAPL
2024-09-26 19:17:50,989:INFO:Data collected for MSFT
2024-09-26 19:17:50,990:INFO:Data processed for MSFT
2024-09-26 19:17:52,547:INFO:Data collected for GOOGL
2024-09-26 19:17:52,548:INFO:Data processed for GOOGL
2024-09-26 19:17:54,083:INFO:Data collected for AMZN
2024-09-26 19:17:54,084:INFO:Data processed for AMZN
2024-09-26 19:17:55,381:INFO:Data collected for ASML
2024-09-26 19:17:55,382:INFO:Data processed for ASML
2024-09-26 19:17:56,696:INFO:Data collected for TSLA
2024-09-26 19:17:56,697:INFO:Data processed for TSLA
2024-09-26 19:17:58,007:INFO:Data collected for NVDA
2024-09-26 19:17:58,008:INFO:Data processed for NVDA
2024-09-26 19:17:59,358:INFO:Data collected for ADBE
2024-09-26 19:17:59,359:INFO:Data processed for ADBE
2024-09-26 19:18:00,539:INFO:Data collected for BTC
2024-09-26 19:18:00,540:INFO:Data processed for BTC
2024-09-26 19:18:02,818:ERROR:Error when collecting data for NFLX
2024-09-26 19:18:04,526:ERROR:Error when collecting data for PEP
2024-09-26 19:18:05,729:ERROR:Error when collecting data for KO
2024-09-26 19:18:06,914:ERROR:Error when collecting data for V
2024-09-26 19:18:08,112:ERROR:Error when collecting data for MA
2024-09-27 10:20:26,045:INFO:Data collected for AAPL
2024-09-27 10:20:26,046:INFO:Data processed for AAPL
2024-09-27 10:20:27,350:INFO:Data collected for MSFT
2024-09-27 10:20:27,352:INFO:Data processed for MSFT
2024-09-27 10:20:28,868:INFO:Data collected for GOOGL
2024-09-27 10:20:28,870:INFO:Data processed for GOOGL
2024-09-27 10:20:30,215:INFO:Data collected for AMZN
2024-09-27 10:20:30,216:INFO:Data processed for AMZN
2024-09-27 10:20:31,497:INFO:Data collected for ASML
2024-09-27 10:20:31,499:INFO:Data processed for ASML
2024-09-27 10:20:32,805:INFO:Data collected for TSLA
2024-09-27 10:20:32,805:INFO:Data processed for TSLA
2024-09-27 10:20:34,087:INFO:Data collected for NVDA
2024-09-27 10:20:34,089:INFO:Data processed for NVDA
2024-09-27 10:20:35,396:INFO:Data collected for ADBE
2024-09-27 10:20:35,398:INFO:Data processed for ADBE
2024-09-27 10:20:36,797:INFO:Data collected for BTC
2024-09-27 10:20:36,798:INFO:Data processed for BTC
2024-09-27 10:20:38,105:INFO:Data collected for NFLX
2024-09-27 10:20:38,106:INFO:Data processed for NFLX
2024-09-27 10:20:39,462:INFO:Data collected for PEP
2024-09-27 10:20:39,464:INFO:Data processed for PEP
2024-09-27 10:20:40,771:INFO:Data collected for KO
2024-09-27 10:20:40,772:INFO:Data processed for KO
2024-09-27 10:20:42,124:INFO:Data collected for V
2024-09-27 10:20:42,126:INFO:Data processed for V
2024-09-27 10:20:43,433:INFO:Data collected for MA
2024-09-27 10:20:43,435:INFO:Data processed for MA
2024-09-27 10:53:49,685:INFO:Data collected for AAPL
2024-09-27 10:53:49,687:INFO:Data processed for AAPL
2024-09-27 10:53:50,988:INFO:Data collected for MSFT
2024-09-27 10:53:50,989:INFO:Data processed for MSFT
2024-09-27 10:53:52,303:INFO:Data collected for GOOGL
2024-09-27 10:53:52,304:INFO:Data processed for GOOGL
2024-09-27 10:53:53,605:INFO:Data collected for AMZN
2024-09-27 10:53:53,606:INFO:Data processed for AMZN
2024-09-27 10:53:54,906:INFO:Data collected for ASML
2024-09-27 10:53:54,907:INFO:Data processed for ASML
2024-09-27 10:53:56,218:INFO:Data collected for TSLA
2024-09-27 10:53:56,219:INFO:Data processed for TSLA
2024-09-27 10:53:57,536:INFO:Data collected for NVDA
2024-09-27 10:53:57,537:INFO:Data processed for NVDA
2024-09-27 10:53:58,837:INFO:Data collected for ADBE
2024-09-27 10:53:58,838:INFO:Data processed for ADBE
2024-09-27 10:54:00,026:INFO:Data collected for BTC
2024-09-27 10:54:00,027:INFO:Data processed for BTC
2024-09-27 10:54:02,094:ERROR:Error when collecting data for NFLX
2024-09-27 10:54:03,274:ERROR:Error when collecting data for PEP
2024-09-27 10:54:04,458:ERROR:Error when collecting data for KO
2024-09-27 10:54:05,630:ERROR:Error when collecting data for V
2024-09-27 10:54:06,805:ERROR:Error when collecting data for MA
